<?xml version="1.0" encoding="UTF-8"?>
<!-- Generated by org.testng.reporters.JUnitReportReporter -->
<testsuite hostname="DESKTOP-IHSJ2SN" failures="0" tests="6" name="test9.TestPunisher" time="2.729" errors="0" timestamp="2025-01-03T22:10:43 EET" skipped="3">
  <testcase classname="test9.TestPunisher" name="login" time="1.066"/>
  <system-out/>
  <testcase classname="test9.TestPunisher" name="addrandomitem" time="0.295"/>
  <system-out/>
  <testcase classname="test9.TestPunisher" name="CheckoutProcess" time="1.368"/>
  <system-out/>
  <testcase classname="test9.TestPunisher" name="Additemsthestartwithsauce">
    <skipped/>
  </testcase> <!-- Additemsthestartwithsauce -->
  <system-out/>
  <testcase classname="test9.TestPunisher" name="AddToCartItem">
    <skipped/>
  </testcase> <!-- AddToCartItem -->
  <system-out/>
  <testcase classname="test9.TestPunisher" name="Addcertainnumberofitems">
    <skipped/>
  </testcase> <!-- Addcertainnumberofitems -->
  <system-out/>
</testsuite> <!-- test9.TestPunisher -->
